<?xml version="1.0"?>
<testsuites>
  <testsuite name="PhantomJS 1.9.8 (Windows 8)" package="" timestamp="2014-12-04T15:41:06" id="0" hostname="William" tests="4" errors="0" failures="0" time="0.004">
    <properties>
      <property name="browser.fullName" value="Mozilla/5.0 (Windows NT 6.2; WOW64) AppleWebKit/534.34 (KHTML, like Gecko) PhantomJS/1.9.8 Safari/534.34"/>
    </properties>
    <testcase name="should be able to initialize" time="0.004" classname="PhantomJS 1.9.8 (Windows 8).myFunction"/>
    <testcase name="should populate stuff during initialization" time="0" classname="PhantomJS 1.9.8 (Windows 8).myFunction"/>
    <testcase name="should be able to append 2 strings" time="0" classname="PhantomJS 1.9.8 (Windows 8).myFunction appending strings"/>
    <testcase name="should append 2 strings" time="0" classname="PhantomJS 1.9.8 (Windows 8).myFunction appending strings"/>
    <system-out><![CDATA[
]]></system-out>
    <system-err/>
  </testsuite>
</testsuites>
